<?xml version="1.0" encoding="UTF-8"?>
<testng-results ignored="0" total="1" passed="1" failed="0" skipped="0">
  <reporter-output>
    <line>
      <![CDATA[Chrome Launched]]>
    </line>
    <line>
      <![CDATA[https://www.way2automation.com/angularjs-protractor/banking/#/login Url Navigated]]>
    </line>
    <line>
      <![CDATA[Azhar]]>
    </line>
    <line>
      <![CDATA[script1 script is passed]]>
    </line>
    <line>
      <![CDATA[Browser Closed]]>
    </line>
  </reporter-output>
  <suite started-at="2022-04-29T14:50:09 IST" name="Suite" finished-at="2022-04-29T14:50:21 IST" duration-ms="11708">
    <groups>
    </groups>
    <test started-at="2022-04-29T14:50:09 IST" name="Test" finished-at="2022-04-29T14:50:21 IST" duration-ms="11708">
      <class name="com.banking.scripts.TestScript">
        <test-method is-config="true" signature="setUp(java.lang.String, java.lang.String)[pri:0, instance:com.banking.scripts.TestScript@548a102f]" started-at="2022-04-29T14:50:09 IST" name="setUp" finished-at="2022-04-29T14:50:17 IST" duration-ms="7937" status="PASS">
          <params>
            <param index="0">
              <value>
                <![CDATA[chrome]]>
              </value>
            </param>
            <param index="1">
              <value>
                <![CDATA[https://www.way2automation.com/angularjs-protractor/banking/#/login]]>
              </value>
            </param>
          </params>
          <reporter-output>
            <line>
              <![CDATA[Chrome Launched]]>
            </line>
            <line>
              <![CDATA[https://www.way2automation.com/angularjs-protractor/banking/#/login Url Navigated]]>
            </line>
          </reporter-output>
        </test-method> <!-- setUp -->
        <test-method signature="script1()[pri:0, instance:com.banking.scripts.TestScript@548a102f]" started-at="2022-04-29T14:50:17 IST" name="script1" finished-at="2022-04-29T14:50:21 IST" duration-ms="3385" status="PASS">
          <reporter-output>
            <line>
              <![CDATA[Azhar]]>
            </line>
          </reporter-output>
        </test-method> <!-- script1 -->
        <test-method is-config="true" signature="tearDown(org.testng.ITestResult)[pri:0, instance:com.banking.scripts.TestScript@548a102f]" started-at="2022-04-29T14:50:21 IST" name="tearDown" finished-at="2022-04-29T14:50:21 IST" duration-ms="326" status="PASS">
          <params>
            <param index="0">
              <value>
                <![CDATA[[TestResult name=script1 status=SUCCESS method=TestScript.script1()[pri:0, instance:com.banking.scripts.TestScript@548a102f] output=Azhar]]]>
              </value>
            </param>
          </params>
          <reporter-output>
            <line>
              <![CDATA[script1 script is passed]]>
            </line>
            <line>
              <![CDATA[Browser Closed]]>
            </line>
          </reporter-output>
        </test-method> <!-- tearDown -->
      </class> <!-- com.banking.scripts.TestScript -->
    </test> <!-- Test -->
  </suite> <!-- Suite -->
</testng-results>
